Application/build/outputs/logs/manifest-merger-debug-report.txt
-- Merging decision tree log ---
manifest
ADDED from AndroidManifest.xml:17:1
	package
		ADDED from AndroidManifest.xml:18:5
	xmlns:android
		ADDED from AndroidManifest.xml:17:11
uses-permission#android.permission.CAMERA
ADDED from AndroidManifest.xml:20:5
	android:name
		ADDED from AndroidManifest.xml:20:22
uses-feature#android.hardware.camera
ADDED from AndroidManifest.xml:22:5
	android:name
		ADDED from AndroidManifest.xml:22:19
uses-feature#android.hardware.camera.autofocus
ADDED from AndroidManifest.xml:23:5
	android:name
		ADDED from AndroidManifest.xml:23:19
application
ADDED from AndroidManifest.xml:25:5
MERGED from com.android.support:support-v4:23.0.0:22:5
MERGED from com.android.support:support-v13:23.0.0:22:5
MERGED from com.android.support:support-v4:23.0.0:22:5
MERGED from com.android.support:cardview-v7:23.0.0:22:5
MERGED from com.android.support:appcompat-v7:23.0.0:22:5
MERGED from com.android.support:support-v4:23.0.0:22:5
	android:label
		ADDED from AndroidManifest.xml:28:9
	android:allowBackup
		ADDED from AndroidManifest.xml:26:9
	android:icon
		ADDED from AndroidManifest.xml:27:9
	android:theme
		ADDED from AndroidManifest.xml:29:9
activity#com.example.android.camera2basic.CameraActivity
ADDED from AndroidManifest.xml:30:9
	android:label
		ADDED from AndroidManifest.xml:32:13
	android:name
		ADDED from AndroidManifest.xml:31:13
activity#com.example.android.camera2basic.MainActivity
ADDED from AndroidManifest.xml:34:9
	android:label
		ADDED from AndroidManifest.xml:36:13
	android:name
		ADDED from AndroidManifest.xml:35:13
intent-filter#android.intent.action.MAIN+android.intent.category.LAUNCHER
ADDED from AndroidManifest.xml:37:13
action#android.intent.action.MAIN
ADDED from AndroidManifest.xml:38:17
	android:name
		ADDED from AndroidManifest.xml:38:25
category#android.intent.category.LAUNCHER
ADDED from AndroidManifest.xml:40:17
	android:name
		ADDED from AndroidManifest.xml:40:27
uses-sdk
INJECTED from AndroidManifest.xml:0:0 reason: use-sdk injection requested
MERGED from com.android.support:support-v4:23.0.0:20:5
MERGED from com.android.support:support-v13:23.0.0:20:5
MERGED from com.android.support:support-v4:23.0.0:20:5
MERGED from com.android.support:cardview-v7:23.0.0:20:5
MERGED from com.android.support:appcompat-v7:23.0.0:20:5
MERGED from com.android.support:support-v4:23.0.0:20:5
	android:targetSdkVersion
		INJECTED from AndroidManifest.xml:0:0
		INJECTED from AndroidManifest.xml:0:0
	android:minSdkVersion
		INJECTED from AndroidManifest.xml:0:0
		INJECTED from AndroidManifest.xml:0:0